<?xml version="1.0" encoding="UTF-8"?>
<testng-results skipped="0" failed="0" ignored="0" total="1" passed="1">
  <reporter-output>
  </reporter-output>
  <suite name="Amazon" duration-ms="213555" started-at="2021-01-10T10:09:11Z" finished-at="2021-01-10T10:12:44Z">
    <groups>
    </groups>
    <test name="Pharma Test" duration-ms="213555" started-at="2021-01-10T10:09:11Z" finished-at="2021-01-10T10:12:44Z">
      <class name="com.pharmaspectra.qa.testcase.TC_LoginTest_001">
        <test-method status="PASS" signature="setup(java.lang.String)[pri:0, instance:com.pharmaspectra.qa.testcase.TC_LoginTest_001@7b49cea0]" name="setup" is-config="true" duration-ms="31135" started-at="2021-01-10T10:09:11Z" finished-at="2021-01-10T10:09:42Z">
          <params>
            <param index="0">
              <value>
                <![CDATA[chrome]]>
              </value>
            </param>
          </params>
          <reporter-output>
          </reporter-output>
        </test-method> <!-- setup -->
        <test-method status="PASS" signature="loginTest()[pri:0, instance:com.pharmaspectra.qa.testcase.TC_LoginTest_001@7b49cea0]" name="loginTest" duration-ms="179885" started-at="2021-01-10T10:09:42Z" finished-at="2021-01-10T10:12:42Z">
          <reporter-output>
          </reporter-output>
        </test-method> <!-- loginTest -->
        <test-method status="PASS" signature="tearDown()[pri:0, instance:com.pharmaspectra.qa.testcase.TC_LoginTest_001@7b49cea0]" name="tearDown" is-config="true" duration-ms="2348" started-at="2021-01-10T10:12:42Z" finished-at="2021-01-10T10:12:44Z">
          <reporter-output>
          </reporter-output>
        </test-method> <!-- tearDown -->
      </class> <!-- com.pharmaspectra.qa.testcase.TC_LoginTest_001 -->
    </test> <!-- Pharma Test -->
  </suite> <!-- Amazon -->
</testng-results>
